{"expand": "renderedFields,names,schema,operations,editmeta,changelog,versionedRepresentations", "id": "13632319", "self": "https://issues.apache.org/jira/rest/api/2/issue/13632319", "key": "HADOOP-19734", "fields": {"summary": "S3A: retry on MPU completion failure \"One or more of the specified parts could not be found\"", "description": "\r\nExperienced transient failure in test run of https://github.com/apache/hadoop/pull/7882 : all MPU complete posts failed because the request or parts were not found...the tests started succeeding 60-90s later *and* a \"hadoop s3guards uploads\" call listed the outstanding uploads of the failing tests.\r\n\r\nHypothesis: a transient failure meant the server receiving the POST calls to complete the uploads was mistakenly reporting no upload IDs.\r\n\r\nOutcome: all active write operations failed, without any retry attempts. This can lose data and fail jobs, even though the store may recover.\r\n\r\nProposed. The multipart uploads, especially block output stream, retry on this error; treat it as a connectivity issue. ", "reporter": {"self": "https://issues.apache.org/jira/rest/api/2/user?username=stevel%40apache.org", "name": "stevel@apache.org", "key": "stevel@apache.org", "avatarUrls": {"48x48": "https://issues.apache.org/jira/secure/useravatar?ownerId=stevel%40apache.org&avatarId=16513", "24x24": "https://issues.apache.org/jira/secure/useravatar?size=small&ownerId=stevel%40apache.org&avatarId=16513", "16x16": "https://issues.apache.org/jira/secure/useravatar?size=xsmall&ownerId=stevel%40apache.org&avatarId=16513", "32x32": "https://issues.apache.org/jira/secure/useravatar?size=medium&ownerId=stevel%40apache.org&avatarId=16513"}, "displayName": "Steve Loughran", "active": true, "timeZone": "Europe/London"}, "comment": {"comments": [{"self": "https://issues.apache.org/jira/rest/api/2/issue/13632319/comment/18032518", "id": "18032518", "author": {"self": "https://issues.apache.org/jira/rest/api/2/user?username=stevel%40apache.org", "name": "stevel@apache.org", "key": "stevel@apache.org", "avatarUrls": {"48x48": "https://issues.apache.org/jira/secure/useravatar?ownerId=stevel%40apache.org&avatarId=16513", "24x24": "https://issues.apache.org/jira/secure/useravatar?size=small&ownerId=stevel%40apache.org&avatarId=16513", "16x16": "https://issues.apache.org/jira/secure/useravatar?size=xsmall&ownerId=stevel%40apache.org&avatarId=16513", "32x32": "https://issues.apache.org/jira/secure/useravatar?size=medium&ownerId=stevel%40apache.org&avatarId=16513"}, "displayName": "Steve Loughran", "active": true, "timeZone": "Europe/London"}, "body": "\r\n{code}\r\n[ERROR]   ITestS3AHugeMagicCommits.test_030_postCreationAssertions:192 \u00bb AWSBadRequest Completing multipart upload on job-00/test/tests3ascale/ITestS3AHugeMagicCommits/commit/commit.bin: software.amazon.awssdk.services.s3.model.S3Exception: One or more of the specified parts could not be found.  The part may not have been uploaded, or the specified entity tag may not match the part's entity tag. (Service: S3, Status Code: 400, Request ID: JAEYPCZ4P3JYGMTD, Extended Request ID: O/135mw9Xd2aEuFUh0ICWYc8DLXSpBUWaVGkEgEFGf0xO8o+XlZXY0hI+mvennOGt+C/UI7mNrQ=) (SDK Attempt Count: 1):InvalidPart: One or more of the specified parts could not be found.  The part may not have been uploaded, or the specified entity tag may not match the part's entity tag. (Service: S3, Status Code: 400, Request ID: JAEYPCZ4P3JYGMTD, Extended Request ID: O/135mw9Xd2aEuFUh0ICWYc8DLXSpBUWaVGkEgEFGf0xO8o+XlZXY0hI+mvennOGt+C/UI7mNrQ=) (SDK Attempt Count: 1)                                                                                                                                                                                   \r\n[ERROR]   ITestS3AHugeMagicCommits>AbstractSTestS3AHugeFiles.test_045_vectoredIOHugeFile:538->AbstractSTestS3AHugeFiles.assumeHugeFileExists:404->AbstractSTestS3AHugeFiles.assumeFileExists:414 \u00bb FileNotFound huge file not created: not found s3a://stevel-london/job-00/test/tests3ascale/ITestS3AHugeMagicCommits/commit/commit.bin in s3a://stevel-london/job-00/test/tests3ascale/ITestS3AHugeMagicCommits/commit                                                                                                                                                      \r\n[ERROR]   ITestS3AHugeFilesArrayBlocks>AbstractSTestS3AHugeFiles.test_010_CreateHugeFile:276 \u00bb AWSBadRequest Completing multipart upload on job-00/test/tests3ascale/array/src/hugefile: software.amazon.awssdk.services.s3.model.S3Exception: One or more of the specified parts could not be found.  The part may not have been uploaded, or the specified entity tag may not match the part's entity tag. (Service: S3, Status Code: 400, Request ID: 1NNBCSX4NCDN7G9X, Extended Request ID: 8vMmeyt1GfjGrf3UL9AN8vlwWSn9860f1gdeIBC3drmcjeQwC6wOPinMD8MSO6ggGw9ywwdcXroGTdVSFLYq0S0VdM/5bYfanDXJ43Eb4QU=) (SDK Attempt Count: 1):InvalidPart: One or more of the specified parts could not be found.  The part may not have been uploaded, or the specified entity tag may not match the part's entity tag. (Service: S3, Status Code: 400, Request ID: 1NNBCSX4NCDN7G9X, Extended Request ID: 8vMmeyt1GfjGrf3UL9AN8vlwWSn9860f1gdeIBC3drmcjeQwC6wOPinMD8MSO6ggGw9ywwdcXroGTdVSFLYq0S0VdM/5bYfanDXJ43Eb4QU=) (SDK Attempt Count: 1)                                                                                                                     \r\n[ERROR]   ITestS3AHugeFilesArrayBlocks>AbstractSTestS3AHugeFiles.test_030_postCreationAssertions:433 \u00bb FileNotFound Huge file: not found s3a://stevel-london/job-00/test/tests3ascale/array/src/hugefile in s3a://stevel-london/job-00/test/tests3ascale/array/src                                                                                                                  \r\n[ERROR]   ITestS3AHugeFilesArrayBlocks>AbstractSTestS3AHugeFiles.test_040_PositionedReadHugeFile:478->AbstractSTestS3AHugeFiles.assumeHugeFileExists:404->AbstractSTestS3AHugeFiles.assumeFileExists:414 \u00bb FileNotFound huge file not created: not found s3a://stevel-london/job-00/test/tests3ascale/array/src/hugefile in s3a://stevel-london/job-00/test/tests3ascale/array/src  \r\n[ERROR]   ITestS3AHugeFilesArrayBlocks>AbstractSTestS3AHugeFiles.test_045_vectoredIOHugeFile:538->AbstractSTestS3AHugeFiles.assumeHugeFileExists:404->AbstractSTestS3AHugeFiles.assumeFileExists:414 \u00bb FileNotFound huge file not created: not found s3a://stevel-london/job-00/test/tests3ascale/array/src/hugefile in s3a://stevel-london/job-00/test/tests3ascale/array/src      \r\n[ERROR]   ITestS3AHugeFilesArrayBlocks>AbstractSTestS3AHugeFiles.test_050_readHugeFile:624->AbstractSTestS3AHugeFiles.assumeHugeFileExists:404->AbstractSTestS3AHugeFiles.assumeFileExists:414 \u00bb FileNotFound huge file not created: not found s3a://stevel-london/job-00/test/tests3ascale/array/src/hugefile in s3a://stevel-london/job-00/test/tests3ascale/array/src            \r\n[ERROR]   ITestS3AHugeFilesArrayBlocks>AbstractSTestS3AHugeFiles.test_100_renameHugeFile:679->AbstractSTestS3AHugeFiles.assumeHugeFileExists:404->AbstractSTestS3AHugeFiles.assumeFileExists:414 \u00bb FileNotFound huge file not created: not found s3a://stevel-london/job-00/test/tests3ascale/array/src/hugefile in s3a://stevel-london/job-00/test/tests3ascale/array/src          \r\n[ERROR]   ITestS3AHugeFilesByteBufferBlocks>AbstractSTestS3AHugeFiles.test_010_CreateHugeFile:276 \u00bb AWSBadRequest Completing multipart upload on job-00/test/tests3ascale/bytebuffer/src/hugefile: software.amazon.awssdk.services.s3.model.S3Exception: One or more of the specified parts could not be found.  The part may not have been uploaded, or the specified entity tag may not match the part's entity tag. (Service: S3, Status Code: 400, Request ID: K0K75V8AH7SVBHS3, Extended Request ID: kDosbp+Z2PLZn9tVtRF9QfOqh1MgLbIKYaYFn2JeIptXlBV4v1a/wFukoXnaF7fCp6zx3vR8feE0fScUJEw+WhNW9lzu9dBxssOA62UA2kg=) (SDK Attempt Count: 1):InvalidPart: One or more of the specified parts could not be found.  The part may not have been uploaded, or the specified entity tag may not match the part's entity tag. (Service: S3, Status Code: 400, Request ID: K0K75V8AH7SVBHS3, Extended Request ID: kDosbp+Z2PLZn9tVtRF9QfOqh1MgLbIKYaYFn2JeIptXlBV4v1a/wFukoXnaF7fCp6zx3vR8feE0fScUJEw+WhNW9lzu9dBxssOA62UA2kg=) (SDK Attempt Count: 1)                                                                                                           \r\n[ERROR]   ITestS3AHugeFilesByteBufferBlocks>AbstractSTestS3AHugeFiles.test_030_postCreationAssertions:433 \u00bb FileNotFound Huge file: not found s3a://stevel-london/job-00/test/tests3ascale/bytebuffer/src/hugefile in s3a://stevel-london/job-00/test/tests3ascale/bytebuffer/src                                                                                                   \r\n[ERROR]   ITestS3AHugeFilesByteBufferBlocks>AbstractSTestS3AHugeFiles.test_040_PositionedReadHugeFile:478->AbstractSTestS3AHugeFiles.assumeHugeFileExists:404->AbstractSTestS3AHugeFiles.assumeFileExists:414 \u00bb FileNotFound huge file not created: not found s3a://stevel-london/job-00/test/tests3ascale/bytebuffer/src/hugefile in s3a://stevel-london/job-00/test/tests3ascale/bytebuffer/src                                                                                                                                                                             \r\n[ERROR]   ITestS3AHugeFilesByteBufferBlocks>AbstractSTestS3AHugeFiles.test_045_vectoredIOHugeFile:538->AbstractSTestS3AHugeFiles.assumeHugeFileExists:404->AbstractSTestS3AHugeFiles.assumeFileExists:414 \u00bb FileNotFound huge file not created: not found s3a://stevel-london/job-00/test/tests3ascale/bytebuffer/src/hugefile in s3a://stevel-london/job-00/test/tests3ascale/bytebuffer/src                                                                                                                                                                                 \r\n[ERROR]   ITestS3AHugeFilesByteBufferBlocks>AbstractSTestS3AHugeFiles.test_050_readHugeFile:624->AbstractSTestS3AHugeFiles.assumeHugeFileExists:404->AbstractSTestS3AHugeFiles.assumeFileExists:414 \u00bb FileNotFound huge file not created: not found s3a://stevel-london/job-00/test/tests3ascale/bytebuffer/src/hugefile in s3a://stevel-london/job-00/test/tests3ascale/bytebuffer/src                                                                                                                                                                                       \r\n[ERROR]   ITestS3AHugeFilesByteBufferBlocks>AbstractSTestS3AHugeFiles.test_100_renameHugeFile:679->AbstractSTestS3AHugeFiles.assumeHugeFileExists:404->AbstractSTestS3AHugeFiles.assumeFileExists:414 \u00bb FileNotFound huge file not created: not found s3a://stevel-london/job-00/test/tests3ascale/bytebuffer/src/hugefile in s3a://stevel-london/job-00/test/tests3ascale/bytebuffer/src                                                                                                                                                                                     \r\n[ERROR]   ITestS3AHugeFilesDiskBlocks>AbstractSTestS3AHugeFiles.test_010_CreateHugeFile:276 \u00bb AWSBadRequest Completing multipart upload on job-00/test/tests3ascale/disk/src/hugefile: software.amazon.awssdk.services.s3.model.S3Exception: One or more of the specified parts could not be found.  The part may not have been uploaded, or the specified entity tag may not match the part's entity tag. (Service: S3, Status Code: 400, Request ID: 73T4YAYRWE63WAW5, Extended Request ID: 6ucEY2heh2NsxE8dBrlZp9AE4Tb+hbvnyxea1/yp5H85BEvkQdYsfNlRH5XZM1g4hHPDSoGMVtM=) (SDK Attempt Count: 1):InvalidPart: One or more of the specified parts could not be found.  The part may not have been uploaded, or the specified entity tag may not match the part's entity tag. (Service: S3, Status Code: 400, Request ID: 73T4YAYRWE63WAW5, Extended Request ID: 6ucEY2heh2NsxE8dBrlZp9AE4Tb+hbvnyxea1/yp5H85BEvkQdYsfNlRH5XZM1g4hHPDSoGMVtM=) (SDK Attempt Count: 1)                                                                                                                                                                                       \r\n[ERROR]   ITestS3AHugeFilesDiskBlocks>AbstractSTestS3AHugeFiles.test_030_postCreationAssertions:433 \u00bb FileNotFound Huge file: not found s3a://stevel-london/job-00/test/tests3ascale/disk/src/hugefile in s3a://stevel-london/job-00/test/tests3ascale/disk/src                                                                                                                     \r\n[ERROR]   ITestS3AHugeFilesDiskBlocks>AbstractSTestS3AHugeFiles.test_040_PositionedReadHugeFile:478->AbstractSTestS3AHugeFiles.assumeHugeFileExists:404->AbstractSTestS3AHugeFiles.assumeFileExists:414 \u00bb FileNotFound huge file not created: not found s3a://stevel-london/job-00/test/tests3ascale/disk/src/hugefile in s3a://stevel-london/job-00/test/tests3ascale/disk/src     \r\n[ERROR]   ITestS3AHugeFilesDiskBlocks>AbstractSTestS3AHugeFiles.test_045_vectoredIOHugeFile:538->AbstractSTestS3AHugeFiles.assumeHugeFileExists:404->AbstractSTestS3AHugeFiles.assumeFileExists:414 \u00bb FileNotFound huge file not created: not found s3a://stevel-london/job-00/test/tests3ascale/disk/src/hugefile in s3a://stevel-london/job-00/test/tests3ascale/disk/src         \r\n[ERROR]   ITestS3AHugeFilesDiskBlocks>AbstractSTestS3AHugeFiles.test_050_readHugeFile:624->AbstractSTestS3AHugeFiles.assumeHugeFileExists:404->AbstractSTestS3AHugeFiles.assumeFileExists:414 \u00bb FileNotFound huge file not created: not found s3a://stevel-london/job-00/test/tests3ascale/disk/src/hugefile in s3a://stevel-london/job-00/test/tests3ascale/disk/src               \r\n[ERROR]   ITestS3AHugeFilesDiskBlocks>AbstractSTestS3AHugeFiles.test_100_renameHugeFile:679->AbstractSTestS3AHugeFiles.assumeHugeFileExists:404->AbstractSTestS3AHugeFiles.assumeFileExists:414 \u00bb FileNotFound huge file not created: not found s3a://stevel-london/job-00/test/tests3ascale/disk/src/hugefile in s3a://stevel-london/job-00/test/tests3ascale/disk/src             \r\n[ERROR]   ITestS3AHugeFilesSSECDiskBlocks>AbstractSTestS3AHugeFiles.test_010_CreateHugeFile:276 \u00bb AWSBadRequest Completing multipart upload on job-00/test/tests3ascale/disk/src/hugefile: software.amazon.awssdk.services.s3.model.S3Exception: One or more of the specified parts could not be found.  The part may not have been uploaded, or the specified entity tag may not match the part's entity tag. (Service: S3, Status Code: 400, Request ID: ZSY181YB49GQFR83, Extended Request ID: FrPEfsXO3Gbhxi3m4ZmyYSiyfscQ1QSm/1lKjRPLHEbLWH5vtGked+fHvZl281Dm6u013/5VP6pj42h4XISftk7p9uEIDGw31E7Ymcoviq4=) (SDK Attempt Count: 1):InvalidPart: One or more of the specified parts could not be found.  The part may not have been uploaded, or the specified entity tag may not match the part's entity tag. (Service: S3, Status Code: 400, Request ID: ZSY181YB49GQFR83, Extended Request ID: FrPEfsXO3Gbhxi3m4ZmyYSiyfscQ1QSm/1lKjRPLHEbLWH5vtGked+fHvZl281Dm6u013/5VP6pj42h4XISftk7p9uEIDGw31E7Ymcoviq4=) (SDK Attempt Count: 1)                                                                                                                   \r\n[ERROR]   ITestS3AHugeFilesSSECDiskBlocks>AbstractSTestS3AHugeFiles.test_030_postCreationAssertions:433 \u00bb FileNotFound Huge file: not found s3a://stevel-london/job-00/test/tests3ascale/disk/src/hugefile in s3a://stevel-london/job-00/test/tests3ascale/disk/src                                                                                                                 \r\n[ERROR]   ITestS3AHugeFilesSSECDiskBlocks>AbstractSTestS3AHugeFiles.test_040_PositionedReadHugeFile:478->AbstractSTestS3AHugeFiles.assumeHugeFileExists:404->AbstractSTestS3AHugeFiles.assumeFileExists:414 \u00bb FileNotFound huge file not created: not found s3a://stevel-london/job-00/test/tests3ascale/disk/src/hugefile in s3a://stevel-london/job-00/test/tests3ascale/disk/src \r\n[ERROR]   ITestS3AHugeFilesSSECDiskBlocks>AbstractSTestS3AHugeFiles.test_045_vectoredIOHugeFile:538->AbstractSTestS3AHugeFiles.assumeHugeFileExists:404->AbstractSTestS3AHugeFiles.assumeFileExists:414 \u00bb FileNotFound huge file not created: not found s3a://stevel-london/job-00/test/tests3ascale/disk/src/hugefile in s3a://stevel-london/job-00/test/tests3ascale/disk/src     \r\n[ERROR]   ITestS3AHugeFilesSSECDiskBlocks>AbstractSTestS3AHugeFiles.test_050_readHugeFile:624->AbstractSTestS3AHugeFiles.assumeHugeFileExists:404->AbstractSTestS3AHugeFiles.assumeFileExists:414 \u00bb FileNotFound huge file not created: not found s3a://stevel-london/job-00/test/tests3ascale/disk/src/hugefile in s3a://stevel-london/job-00/test/tests3ascale/disk/src           \r\n[ERROR]   ITestS3AHugeFilesSSECDiskBlocks>AbstractSTestS3AHugeFiles.test_100_renameHugeFile:679->AbstractSTestS3AHugeFiles.assumeHugeFileExists:404->AbstractSTestS3AHugeFiles.assumeFileExists:414 \u00bb FileNotFound huge file not created: not found s3a://stevel-london/job-00/test/tests3ascale/disk/src/hugefile in s3a://stevel-london/job-00/test/tests3ascale/disk/src         \r\n[ERROR]   ITestS3AHugeFilesStorageClass.test_010_CreateHugeFile:74->AbstractSTestS3AHugeFiles.test_010_CreateHugeFile:276 \u00bb AWSBadRequest Completing multipart upload on job-00/test/tests3ascale/array/src/hugefile: software.amazon.awssdk.services.s3.model.S3Exception: One or more of the specified parts could not be found.  The part may not have been uploaded, or the specified entity tag may not match the part's entity tag. (Service: S3, Status Code: 400, Request ID: APYCQNP1GY02DGDE, Extended Request ID: lE0hQJ67sSwCYSMmO7tDEAvEIOCcpwIbLdfqqrNTpWT0bHIaacaIEzZusajj79rnFQlWudxsMHBIUXdS9ELiKR0T923lcULZy4Essx1LoTs=) (SDK Attempt Count: 1):InvalidPart: One or more of the specified parts could not be found.  The part may not have been uploaded, or the specified entity tag may not match the part's entity tag. (Service: S3, Status Code: 400, Request ID: APYCQNP1GY02DGDE, Extended Request ID: lE0hQJ67sSwCYSMmO7tDEAvEIOCcpwIbLdfqqrNTpWT0bHIaacaIEzZusajj79rnFQlWudxsMHBIUXdS9ELiKR0T923lcULZy4Essx1LoTs=) (SDK Attempt Count: 1)                                                                                        \r\n[ERROR]   ITestS3AHugeFilesStorageClass.test_030_postCreationAssertions:81->AbstractSTestS3AHugeFiles.test_030_postCreationAssertions:433 \u00bb FileNotFound Huge file: not found s3a://stevel-london/job-00/test/tests3ascale/array/src/hugefile in s3a://stevel-london/job-00/test/tests3ascale/array/src                                                                             \r\n[ERROR]   ITestS3AHugeFilesStorageClass>AbstractSTestS3AHugeFiles.test_045_vectoredIOHugeFile:538->AbstractSTestS3AHugeFiles.assumeHugeFileExists:404->AbstractSTestS3AHugeFiles.assumeFileExists:414 \u00bb FileNotFound huge file not created: not found s3a://stevel-london/job-00/test/tests3ascale/array/src/hugefile in s3a://stevel-london/job-00/test/tests3ascale/array/src     \r\n[ERROR]   ITestS3AHugeFilesStorageClass.test_100_renameHugeFile:108->AbstractSTestS3AHugeFiles.assumeHugeFileExists:404->AbstractSTestS3AHugeFiles.assumeFileExists:414 \u00bb FileNotFound huge file not created: not found s3a://stevel-london/job-00/test/tests3ascale/array/src/hugefile in s3a://stevel-london/job-00/test/tests3ascale/array/src                                   \r\n[INFO] \r\n[ERROR] Tests run: 124, Failures: 1, Errors: 30, Skipped: 13\r\n[INFO] \r\n{code}\r\n\r\nThis has to be some transient issue with my s3 london bucket, as if in progress upload parts were not being retained. Never seen this before; the expiry time is set to 24h\r\n\r\nWhen these uploads fail we do leave incomplete uploads in progress:\r\n{code}\r\nListing uploads under path \"\"\r\njob-00-fork-0005/test/testCommitOperations 141OKG11JHhWF1GOnunHUd9ZzBJ8cUG9z0LsW_4wUGgCXCvDMQM3kRi5IOCUV8FdCHtg_w8SlipfubRtzCQoT5yEpOLv.cWOiOwjEaBzUjnuJORppfXuKy1piHpLnu98\r\njob-00-fork-0005/test/testIfMatchTwoMultipartUploadsRaceConditionOneClosesFirst yBJpm3zh4DjNQIDtyWgEmWVCk5sehVz5Vzn3QGr_tQT2iOonRp5ErXsQy24yIvnzRxBCZqVapy5VepLeu2udZBT5EXLnKRA3bchvzjtKDlipywSzYlL2N_xLUDCT359I\r\njob-00-fork-0005/test/testIfNoneMatchTwoConcurrentMultipartUploads AnspJPHUoPJqg61t28OvLfAogi6G9ocyx1Dm6XY2C.a_H_onklM0Nr0LIXaPiYlQjZIiH0fTsQ1e2KhEjS9pGxvSKOXq_4YibiGZmFC6rBolmfACMqIRpoeaqYDgzYW4\r\njob-00-fork-0005/test/testMagicWriteRecovery/file.txt KpvoTuVh85Wzm9XuU1EuxbATjb6D.Zv8vEj3z2S6AvJBHCBssy4iphxNhTkLDs7ceEwak4IPtdXED1vRf3geXT7MRMJn8d6feafvHVEgzbD31odpzTLmOaPrU_mFQXGV\r\njob-00-fork-0005/test/testMagicWriteRecovery/file.txt CnrbWU3pzgEGvjRuDuaP43Xcv1eBF5aLknqYaZA1vwO3b1QUIu9QJSiZjuLMYKT9GKw1QXwqoKo4iuxTY1a18bARx4XMEiL98kZBv0TPMaAfXE.70Olh8Q2kTyDlUCSh\r\njob-00-fork-0005/test/testMagicWriteRecovery/file.txt dEVGPBRsuOAzL5pGA02ve9qJhAlNK8lb8khF6laKjo9U0j_aG1xLkHEfPLrmcrcsLxC3R755Yv_uKbzY_Vnoc.nXCprvutM1TZmLLN_7LHrQ0tY0IjYSS6hVzDVlHbvC\r\njob-00-fork-0006/test/restricted/testCommitEmptyFile/empty-commit.txt NOCjVJqycZhkalrvU26F5oIaJP51q055et2N6b74.2JVjiKL8KwrhOhdrtumOrZ2tZWNqaK4iKZ_iosqgehJOiPbWJwxvrfvA5V.dAUTLNqjtEf5tfWh0UXu.vahDy_S5SSgNLFXK.VB82i5MZtOcw--\r\njob-00/test/tests3ascale/ITestS3AHugeMagicCommits/commit/commit.bin lsYNpdn_oiWLwEVvvM621hCvIwDVaL4y_bbwVpQouW1OBThA.P9cR8fZtxvBjGdMY41UH0dTjxGHtF3BXEY8WXqmcnO9QHs_Jy.os781pE3MGzqgzFyxmd0yN6LFcTbq\r\ntest/restricted/testCommitEmptyFile/empty-commit.txt T3W9V56Bv_FMhKpgcBgJ1H2wOBkPKk23T0JomesBzZyqiIAu3NiROibAgoZUhWSdoTKSJoOgcn3UWYGOvGBbsHteS_N_c1QoTEp0GE7PNlzDfs1GheJ5SOpUgaEY6MaYdNe0mn0gY48FDXpVB2nqiA--\r\ntest/restricted/testCommitEmptyFile/empty-commit.txt .cr4b3xkfze4N24Bj3PAm_ACIyIVuTU4DueDktU1abNu2LJWXH2HKnUu1oOjfnnQwnUXp4VmXBVbZ5aq8E8gVCxN.Oyb7hmGVtESmRjpqIXSW80JrB_0_dqXe.uAT.JH7kEWywAlb4NIqJ5Xz99tvA--\r\nTotal 10 uploads found.\r\n{code}\r\n\r\nMost interesting here is `testIfNoneMatchTwoConcurrentMultipartUploads`, because this initiates then completes an MPU, so as to create a zero byte file. It doesn't upload any parts. \r\n\r\nThe attempt to complete failed.\r\n{code}\r\n[ERROR] org.apache.hadoop.fs.s3a.impl.ITestS3APutIfMatchAndIfNoneMatch.testIfNoneMatchTwoConcurrentMultipartUploads -- Time elapsed: 2.783 s <<< ERROR!\r\norg.apache.hadoop.fs.s3a.AWSBadRequestException: Completing multipart upload on job-00-fork-0005/test/testIfNoneMatchTwoConcurrentMultipartUploads: software.amazon.awssdk.services.s3.model.S3Exception: One or more of the specified parts could not be found.  The part may not have been uploaded, or the specified entity tag may not match the part's entity tag. (Service: S3, Status Code: 400, Request ID: 9JCJ6M5QRDGJNYYS, Extended Request ID: Z7Q7+LA0o/5B4xoIGhgo+tVppawZ0UBj7X4RNb+0m9RbOAOwD/Apv1o+KmnW0aypjwmfFlarxjo=) (SDK Attempt Count: 1):InvalidPart: One or more of the specified parts could not be found.  The part may not have been uploaded, or the specified entity tag may not match the part's entity tag. (Service: S3, Status Code: 400, Request ID: 9JCJ6M5QRDGJNYYS, Extended Request ID: Z7Q7+LA0o/5B4xoIGhgo+tVppawZ0UBj7X4RNb+0m9RbOAOwD/Apv1o+KmnW0aypjwmfFlarxjo=) (SDK Attempt Count: 1)\r\n        at org.apache.hadoop.fs.s3a.S3AUtils.translateException(S3AUtils.java:265)\r\n        at org.apache.hadoop.fs.s3a.Invoker.once(Invoker.java:124)\r\n        at org.apache.hadoop.fs.s3a.Invoker.lambda$retry$4(Invoker.java:376)\r\n        at org.apache.hadoop.fs.s3a.Invoker.retryUntranslated(Invoker.java:468)\r\n        at org.apache.hadoop.fs.s3a.Invoker.retry(Invoker.java:372)\r\n        at org.apache.hadoop.fs.s3a.WriteOperationHelper.finalizeMultipartUpload(WriteOperationHelper.java:318)\r\n        at org.apache.hadoop.fs.s3a.WriteOperationHelper.completeMPUwithRetries(WriteOperationHelper.java:370)\r\n        at org.apache.hadoop.fs.s3a.S3ABlockOutputStream$MultiPartUpload.lambda$complete$3(S3ABlockOutputStream.java:1227)\r\n        at org.apache.hadoop.fs.statistics.impl.IOStatisticsBinding.measureDurationOfInvocation(IOStatisticsBinding.java:493)\r\n        at org.apache.hadoop.fs.statistics.impl.IOStatisticsBinding.trackDurationOfInvocation(IOStatisticsBinding.java:464)\r\n        at org.apache.hadoop.fs.s3a.S3ABlockOutputStream$MultiPartUpload.complete(S3ABlockOutputStream.java:1225)\r\n        at org.apache.hadoop.fs.s3a.S3ABlockOutputStream$MultiPartUpload.access$1500(S3ABlockOutputStream.java:876)\r\n        at org.apache.hadoop.fs.s3a.S3ABlockOutputStream.close(S3ABlockOutputStream.java:545)\r\n        at org.apache.hadoop.fs.FSDataOutputStream$PositionCache.close(FSDataOutputStream.java:77)\r\n        at org.apache.hadoop.fs.FSDataOutputStream.close(FSDataOutputStream.java:106)\r\n        at org.apache.hadoop.fs.s3a.impl.ITestS3APutIfMatchAndIfNoneMatch.createFileWithFlags(ITestS3APutIfMatchAndIfNoneMatch.java:190)\r\n        at org.apache.hadoop.fs.s3a.impl.ITestS3APutIfMatchAndIfNoneMatch.testIfNoneMatchTwoConcurrentMultipartUploads(ITestS3APutIfMatchAndIfNoneMatch.java:380)\r\n        at java.lang.reflect.Method.invoke(Method.java:498)\r\n        at java.util.ArrayList.forEach(ArrayList.java:1259)\r\n        at java.util.ArrayList.forEach(ArrayList.java:1259)\r\nCaused by: software.amazon.awssdk.services.s3.model.S3Exception: One or more of the specified parts could not be found.  The part may not have been uploaded, or the specified entity tag may not match the part's entity tag. (Service: S3, Status Code: 400, Request ID: 9JCJ6M5QRDGJNYYS, Extended Request ID: Z7Q7+LA0o/5B4xoIGhgo+tVppawZ0UBj7X4RNb+0m9RbOAOwD/Apv1o+KmnW0aypjwmfFlarxjo=) (SDK Attempt Count: 1)\r\n        at software.amazon.awssdk.services.s3.model.S3Exception$BuilderImpl.build(S3Exception.java:113)\r\n        at software.amazon.awssdk.services.s3.model.S3Exception$BuilderImpl.build(S3Exception.java:61)\r\n        at software.amazon.awssdk.core.internal.http.pipeline.stages.utils.RetryableStageHelper.retryPolicyDisallowedRetryException(RetryableStageHelper.java:168)\r\n        at software.amazon.awssdk.core.internal.http.pipeline.stages.RetryableStage.execute(RetryableStage.java:73)\r\n        at software.amazon.awssdk.core.internal.http.pipeline.stages.RetryableStage.execute(RetryableStage.java:36)\r\n        at software.amazon.awssdk.core.internal.http.pipeline.RequestPipelineBuilder$ComposingRequestPipelineStage.execute(RequestPipelineBuilder.java:206)\r\n        at software.amazon.awssdk.core.internal.http.StreamManagingStage.execute(StreamManagingStage.java:53)\r\n        at software.amazon.awssdk.core.internal.http.StreamManagingStage.execute(StreamManagingStage.java:35)\r\n        at software.amazon.awssdk.core.internal.http.pipeline.stages.ApiCallTimeoutTrackingStage.executeWithTimer(ApiCallTimeoutTrackingStage.java:82)\r\n        at software.amazon.awssdk.core.internal.http.pipeline.stages.ApiCallTimeoutTrackingStage.execute(ApiCallTimeoutTrackingStage.java:62)\r\n        at software.amazon.awssdk.core.internal.http.pipeline.stages.ApiCallTimeoutTrackingStage.execute(ApiCallTimeoutTrackingStage.java:43)\r\n        at software.amazon.awssdk.core.internal.http.pipeline.stages.ApiCallMetricCollectionStage.execute(ApiCallMetricCollectionStage.java:50)\r\n        at software.amazon.awssdk.core.internal.http.pipeline.stages.ApiCallMetricCollectionStage.execute(ApiCallMetricCollectionStage.java:32)\r\n        at software.amazon.awssdk.core.internal.http.pipeline.RequestPipelineBuilder$ComposingRequestPipelineStage.execute(RequestPipelineBuilder.java:206)\r\n        at software.amazon.awssdk.core.internal.http.pipeline.RequestPipelineBuilder$ComposingRequestPipelineStage.execute(RequestPipelineBuilder.java:206)\r\n        at software.amazon.awssdk.core.internal.http.pipeline.stages.ExecutionFailureExceptionReportingStage.execute(ExecutionFailureExceptionReportingStage.java:37)\r\n        at software.amazon.awssdk.core.internal.http.pipeline.stages.ExecutionFailureExceptionReportingStage.execute(ExecutionFailureExceptionReportingStage.java:26)\r\n        at software.amazon.awssdk.core.internal.http.AmazonSyncHttpClient$RequestExecutionBuilderImpl.execute(AmazonSyncHttpClient.java:210)\r\n        at software.amazon.awssdk.core.internal.handler.BaseSyncClientHandler.invoke(BaseSyncClientHandler.java:103)\r\n        at software.amazon.awssdk.core.internal.handler.BaseSyncClientHandler.doExecute(BaseSyncClientHandler.java:173)\r\n        at software.amazon.awssdk.core.internal.handler.BaseSyncClientHandler.lambda$execute$1(BaseSyncClientHandler.java:80)\r\n        at software.amazon.awssdk.core.internal.handler.BaseSyncClientHandler.measureApiCallSuccess(BaseSyncClientHandler.java:182)\r\n        at software.amazon.awssdk.core.internal.handler.BaseSyncClientHandler.execute(BaseSyncClientHandler.java:74)\r\n        at software.amazon.awssdk.core.client.handler.SdkSyncClientHandler.execute(SdkSyncClientHandler.java:45)\r\n        at software.amazon.awssdk.awscore.client.handler.AwsSyncClientHandler.execute(AwsSyncClientHandler.java:53)\r\n        at software.amazon.awssdk.services.s3.DefaultS3Client.completeMultipartUpload(DefaultS3Client.java:801)\r\n        at software.amazon.awssdk.services.s3.DelegatingS3Client.lambda$completeMultipartUpload$1(DelegatingS3Client.java:611)\r\n        at software.amazon.awssdk.services.s3.internal.crossregion.S3CrossRegionSyncClient.invokeOperation(S3CrossRegionSyncClient.java:67)\r\n        at software.amazon.awssdk.services.s3.DelegatingS3Client.completeMultipartUpload(DelegatingS3Client.java:611)\r\n        at org.apache.hadoop.fs.s3a.impl.S3AStoreImpl.completeMultipartUpload(S3AStoreImpl.java:906)\r\n        at org.apache.hadoop.fs.s3a.S3AFileSystem$WriteOperationHelperCallbacksImpl.completeMultipartUpload(S3AFileSystem.java:1953)\r\n        at org.apache.hadoop.fs.s3a.WriteOperationHelper.lambda$finalizeMultipartUpload$1(WriteOperationHelper.java:324)\r\n        at org.apache.hadoop.fs.s3a.Invoker.once(Invoker.java:122)\r\n        ... 18 more\r\n\r\n{code}\r\n\r\nYet the uploads list afterwards finds it\r\n{code}\r\njob-00-fork-0005/test/testIfNoneMatchTwoConcurrentMultipartUploads AnspJPHUoPJqg61t28OvLfAogi6G9ocyx1Dm6XY2C.a_H_onklM0Nr0LIXaPiYlQjZIiH0fTsQ1e2KhEjS9pGxvSKOXq_4YibiGZmFC6rBolmfACMqIRpoeaqYDgzYW4\r\n{code}\r\n", "updateAuthor": {"self": "https://issues.apache.org/jira/rest/api/2/user?username=stevel%40apache.org", "name": "stevel@apache.org", "key": "stevel@apache.org", "avatarUrls": {"48x48": "https://issues.apache.org/jira/secure/useravatar?ownerId=stevel%40apache.org&avatarId=16513", "24x24": "https://issues.apache.org/jira/secure/useravatar?size=small&ownerId=stevel%40apache.org&avatarId=16513", "16x16": "https://issues.apache.org/jira/secure/useravatar?size=xsmall&ownerId=stevel%40apache.org&avatarId=16513", "32x32": "https://issues.apache.org/jira/secure/useravatar?size=medium&ownerId=stevel%40apache.org&avatarId=16513"}, "displayName": "Steve Loughran", "active": true, "timeZone": "Europe/London"}, "created": "2025-10-23T15:47:44.415+0000", "updated": "2025-10-23T15:47:44.415+0000"}, {"self": "https://issues.apache.org/jira/rest/api/2/issue/13632319/comment/18032522", "id": "18032522", "author": {"self": "https://issues.apache.org/jira/rest/api/2/user?username=stevel%40apache.org", "name": "stevel@apache.org", "key": "stevel@apache.org", "avatarUrls": {"48x48": "https://issues.apache.org/jira/secure/useravatar?ownerId=stevel%40apache.org&avatarId=16513", "24x24": "https://issues.apache.org/jira/secure/useravatar?size=small&ownerId=stevel%40apache.org&avatarId=16513", "16x16": "https://issues.apache.org/jira/secure/useravatar?size=xsmall&ownerId=stevel%40apache.org&avatarId=16513", "32x32": "https://issues.apache.org/jira/secure/useravatar?size=medium&ownerId=stevel%40apache.org&avatarId=16513"}, "displayName": "Steve Loughran", "active": true, "timeZone": "Europe/London"}, "body": "And stack on a write failure. \r\n{code}\r\n[ERROR] org.apache.hadoop.fs.s3a.scale.ITestS3AHugeFilesArrayBlocks.test_010_CreateHugeFile -- Time elapsed: 2.870 s <<< ERROR!\r\norg.apache.hadoop.fs.s3a.AWSBadRequestException: Completing multipart upload on job-00/test/tests3ascale/array/src/hugefile: software.amazon.awssdk.services.s3.model.S3Exception: One or more of the specified parts could not be found.  The part may not have been uploaded, or the specified entity tag may not match the part's entity tag. (Service: S3, Status Code: 400, Request ID: 1NNBCSX4NCDN7G9X, Extended Request ID: 8vMmeyt1GfjGrf3UL9AN8vlwWSn9860f1gdeIBC3drmcjeQwC6wOPinMD8MSO6ggGw9ywwdcXroGTdVSFLYq0S0VdM/5bYfanDXJ43Eb4QU=) (SDK Attempt Count: 1):InvalidPart: One or more of the specified parts could not be found.  The part may not have been uploaded, or the specified entity tag may not match the part's entity tag. (Service: S3, Status Code: 400, Request ID: 1NNBCSX4NCDN7G9X, Extended Request ID: 8vMmeyt1GfjGrf3UL9AN8vlwWSn9860f1gdeIBC3drmcjeQwC6wOPinMD8MSO6ggGw9ywwdcXroGTdVSFLYq0S0VdM/5bYfanDXJ43Eb4QU=) (SDK Attempt Count: 1)\r\n        at org.apache.hadoop.fs.s3a.S3AUtils.translateException(S3AUtils.java:265)\r\n        at org.apache.hadoop.fs.s3a.Invoker.once(Invoker.java:124)\r\n        at org.apache.hadoop.fs.s3a.Invoker.lambda$retry$4(Invoker.java:376)\r\n        at org.apache.hadoop.fs.s3a.Invoker.retryUntranslated(Invoker.java:468)\r\n        at org.apache.hadoop.fs.s3a.Invoker.retry(Invoker.java:372)\r\n        at org.apache.hadoop.fs.s3a.WriteOperationHelper.finalizeMultipartUpload(WriteOperationHelper.java:318)\r\n        at org.apache.hadoop.fs.s3a.WriteOperationHelper.completeMPUwithRetries(WriteOperationHelper.java:370)\r\n        at org.apache.hadoop.fs.s3a.S3ABlockOutputStream$MultiPartUpload.lambda$complete$3(S3ABlockOutputStream.java:1227)\r\n        at org.apache.hadoop.fs.statistics.impl.IOStatisticsBinding.measureDurationOfInvocation(IOStatisticsBinding.java:493)\r\n        at org.apache.hadoop.fs.statistics.impl.IOStatisticsBinding.trackDurationOfInvocation(IOStatisticsBinding.java:464)\r\n        at org.apache.hadoop.fs.s3a.S3ABlockOutputStream$MultiPartUpload.complete(S3ABlockOutputStream.java:1225)\r\n        at org.apache.hadoop.fs.s3a.S3ABlockOutputStream$MultiPartUpload.access$1500(S3ABlockOutputStream.java:876)\r\n        at org.apache.hadoop.fs.s3a.S3ABlockOutputStream.close(S3ABlockOutputStream.java:545)\r\n        at org.apache.hadoop.fs.FSDataOutputStream$PositionCache.close(FSDataOutputStream.java:77)\r\n        at org.apache.hadoop.fs.FSDataOutputStream.close(FSDataOutputStream.java:106)\r\n        at org.apache.hadoop.fs.s3a.scale.AbstractSTestS3AHugeFiles.test_010_CreateHugeFile(AbstractSTestS3AHugeFiles.java:276)\r\n        at java.lang.reflect.Method.invoke(Method.java:498)\r\n        at java.util.ArrayList.forEach(ArrayList.java:1259)\r\n        at java.util.ArrayList.forEach(ArrayList.java:1259)\r\nCaused by: software.amazon.awssdk.services.s3.model.S3Exception: One or more of the specified parts could not be found.  The part may not have been uploaded, or the specified entity tag may not match the part's entity tag. (Service: S3, Status Code: 400, Request ID: 1NNBCSX4NCDN7G9X, Extended Request ID: 8vMmeyt1GfjGrf3UL9AN8vlwWSn9860f1gdeIBC3drmcjeQwC6wOPinMD8MSO6ggGw9ywwdcXroGTdVSFLYq0S0VdM/5bYfanDXJ43Eb4QU=) (SDK Attempt Count: 1)\r\n        at software.amazon.awssdk.services.s3.model.S3Exception$BuilderImpl.build(S3Exception.java:113)\r\n        at software.amazon.awssdk.services.s3.model.S3Exception$BuilderImpl.build(S3Exception.java:61)\r\n        at software.amazon.awssdk.core.internal.http.pipeline.stages.utils.RetryableStageHelper.retryPolicyDisallowedRetryException(RetryableStageHelper.java:168)\r\n        at software.amazon.awssdk.core.internal.http.pipeline.stages.RetryableStage.execute(RetryableStage.java:73)\r\n        at software.amazon.awssdk.core.internal.http.pipeline.stages.RetryableStage.execute(RetryableStage.java:36)\r\n        at software.amazon.awssdk.core.internal.http.pipeline.RequestPipelineBuilder$ComposingRequestPipelineStage.execute(RequestPipelineBuilder.java:206)\r\n        at software.amazon.awssdk.core.internal.http.StreamManagingStage.execute(StreamManagingStage.java:53)\r\n        at software.amazon.awssdk.core.internal.http.StreamManagingStage.execute(StreamManagingStage.java:35)\r\n        at software.amazon.awssdk.core.internal.http.pipeline.stages.ApiCallTimeoutTrackingStage.executeWithTimer(ApiCallTimeoutTrackingStage.java:82)\r\n        at software.amazon.awssdk.core.internal.http.pipeline.stages.ApiCallTimeoutTrackingStage.execute(ApiCallTimeoutTrackingStage.java:62)\r\n        at software.amazon.awssdk.core.internal.http.pipeline.stages.ApiCallTimeoutTrackingStage.execute(ApiCallTimeoutTrackingStage.java:43)\r\n        at software.amazon.awssdk.core.internal.http.pipeline.stages.ApiCallMetricCollectionStage.execute(ApiCallMetricCollectionStage.java:50)\r\n        at software.amazon.awssdk.core.internal.http.pipeline.stages.ApiCallMetricCollectionStage.execute(ApiCallMetricCollectionStage.java:32)\r\n        at software.amazon.awssdk.core.internal.http.pipeline.RequestPipelineBuilder$ComposingRequestPipelineStage.execute(RequestPipelineBuilder.java:206)\r\n        at software.amazon.awssdk.core.internal.http.pipeline.RequestPipelineBuilder$ComposingRequestPipelineStage.execute(RequestPipelineBuilder.java:206)\r\n        at software.amazon.awssdk.core.internal.http.pipeline.stages.ExecutionFailureExceptionReportingStage.execute(ExecutionFailureExceptionReportingStage.java:37)\r\n        at software.amazon.awssdk.core.internal.http.pipeline.stages.ExecutionFailureExceptionReportingStage.execute(ExecutionFailureExceptionReportingStage.java:26)\r\n        at software.amazon.awssdk.core.internal.http.AmazonSyncHttpClient$RequestExecutionBuilderImpl.execute(AmazonSyncHttpClient.java:210)\r\n        at software.amazon.awssdk.core.internal.handler.BaseSyncClientHandler.invoke(BaseSyncClientHandler.java:103)\r\n        at software.amazon.awssdk.core.internal.handler.BaseSyncClientHandler.doExecute(BaseSyncClientHandler.java:173)\r\n        at software.amazon.awssdk.core.internal.handler.BaseSyncClientHandler.lambda$execute$1(BaseSyncClientHandler.java:80)\r\n        at software.amazon.awssdk.core.internal.handler.BaseSyncClientHandler.measureApiCallSuccess(BaseSyncClientHandler.java:182)\r\n        at software.amazon.awssdk.core.internal.handler.BaseSyncClientHandler.execute(BaseSyncClientHandler.java:74)\r\n        at software.amazon.awssdk.core.client.handler.SdkSyncClientHandler.execute(SdkSyncClientHandler.java:45)\r\n        at software.amazon.awssdk.awscore.client.handler.AwsSyncClientHandler.execute(AwsSyncClientHandler.java:53)\r\n        at software.amazon.awssdk.services.s3.DefaultS3Client.completeMultipartUpload(DefaultS3Client.java:801)\r\n        at software.amazon.awssdk.services.s3.DelegatingS3Client.lambda$completeMultipartUpload$1(DelegatingS3Client.java:611)\r\n        at software.amazon.awssdk.services.s3.internal.crossregion.S3CrossRegionSyncClient.invokeOperation(S3CrossRegionSyncClient.java:67)\r\n        at software.amazon.awssdk.services.s3.DelegatingS3Client.completeMultipartUpload(DelegatingS3Client.java:611)\r\n        at org.apache.hadoop.fs.s3a.impl.S3AStoreImpl.completeMultipartUpload(S3AStoreImpl.java:906)\r\n        at org.apache.hadoop.fs.s3a.S3AFileSystem$WriteOperationHelperCallbacksImpl.completeMultipartUpload(S3AFileSystem.java:1953)\r\n        at org.apache.hadoop.fs.s3a.WriteOperationHelper.lambda$finalizeMultipartUpload$1(WriteOperationHelper.java:324)\r\n        at org.apache.hadoop.fs.s3a.Invoker.once(Invoker.java:122)\r\n        ... 17 more\r\n\r\n{code}\r\n\r\nwe'd have to map 400 + the error text to a \"MultipartUploadCompleteFailed\" exception and add a policy for it, leaving other 400s as unrecoverable.", "updateAuthor": {"self": "https://issues.apache.org/jira/rest/api/2/user?username=stevel%40apache.org", "name": "stevel@apache.org", "key": "stevel@apache.org", "avatarUrls": {"48x48": "https://issues.apache.org/jira/secure/useravatar?ownerId=stevel%40apache.org&avatarId=16513", "24x24": "https://issues.apache.org/jira/secure/useravatar?size=small&ownerId=stevel%40apache.org&avatarId=16513", "16x16": "https://issues.apache.org/jira/secure/useravatar?size=xsmall&ownerId=stevel%40apache.org&avatarId=16513", "32x32": "https://issues.apache.org/jira/secure/useravatar?size=medium&ownerId=stevel%40apache.org&avatarId=16513"}, "displayName": "Steve Loughran", "active": true, "timeZone": "Europe/London"}, "created": "2025-10-23T15:52:03.066+0000", "updated": "2025-10-23T15:52:03.066+0000"}, {"self": "https://issues.apache.org/jira/rest/api/2/issue/13632319/comment/18032525", "id": "18032525", "author": {"self": "https://issues.apache.org/jira/rest/api/2/user?username=stevel%40apache.org", "name": "stevel@apache.org", "key": "stevel@apache.org", "avatarUrls": {"48x48": "https://issues.apache.org/jira/secure/useravatar?ownerId=stevel%40apache.org&avatarId=16513", "24x24": "https://issues.apache.org/jira/secure/useravatar?size=small&ownerId=stevel%40apache.org&avatarId=16513", "16x16": "https://issues.apache.org/jira/secure/useravatar?size=xsmall&ownerId=stevel%40apache.org&avatarId=16513", "32x32": "https://issues.apache.org/jira/secure/useravatar?size=medium&ownerId=stevel%40apache.org&avatarId=16513"}, "displayName": "Steve Loughran", "active": true, "timeZone": "Europe/London"}, "body": "+ any tracking in block output stream should record when the POST to initiate the MPU was issued. That way if an error still surfaces but the output stream has been open for three days, we have a good cause \"stream open too long\"", "updateAuthor": {"self": "https://issues.apache.org/jira/rest/api/2/user?username=stevel%40apache.org", "name": "stevel@apache.org", "key": "stevel@apache.org", "avatarUrls": {"48x48": "https://issues.apache.org/jira/secure/useravatar?ownerId=stevel%40apache.org&avatarId=16513", "24x24": "https://issues.apache.org/jira/secure/useravatar?size=small&ownerId=stevel%40apache.org&avatarId=16513", "16x16": "https://issues.apache.org/jira/secure/useravatar?size=xsmall&ownerId=stevel%40apache.org&avatarId=16513", "32x32": "https://issues.apache.org/jira/secure/useravatar?size=medium&ownerId=stevel%40apache.org&avatarId=16513"}, "displayName": "Steve Loughran", "active": true, "timeZone": "Europe/London"}, "created": "2025-10-23T15:57:00.573+0000", "updated": "2025-10-23T15:57:00.573+0000"}, {"self": "https://issues.apache.org/jira/rest/api/2/issue/13632319/comment/18032772", "id": "18032772", "author": {"self": "https://issues.apache.org/jira/rest/api/2/user?username=stevel%40apache.org", "name": "stevel@apache.org", "key": "stevel@apache.org", "avatarUrls": {"48x48": "https://issues.apache.org/jira/secure/useravatar?ownerId=stevel%40apache.org&avatarId=16513", "24x24": "https://issues.apache.org/jira/secure/useravatar?size=small&ownerId=stevel%40apache.org&avatarId=16513", "16x16": "https://issues.apache.org/jira/secure/useravatar?size=xsmall&ownerId=stevel%40apache.org&avatarId=16513", "32x32": "https://issues.apache.org/jira/secure/useravatar?size=medium&ownerId=stevel%40apache.org&avatarId=16513"}, "displayName": "Steve Loughran", "active": true, "timeZone": "Europe/London"}, "body": "\r\nthis is actually me making a mess of checksum config\r\n\r\nif the sdk checksum clalculation is set to \"always\" then the user MUST choose a checksum algorithm for s3 uploads (proposed: CRC32). \r\n\r\nI\"m going to leave checksum calculation off by default for performance and compatibility", "updateAuthor": {"self": "https://issues.apache.org/jira/rest/api/2/user?username=stevel%40apache.org", "name": "stevel@apache.org", "key": "stevel@apache.org", "avatarUrls": {"48x48": "https://issues.apache.org/jira/secure/useravatar?ownerId=stevel%40apache.org&avatarId=16513", "24x24": "https://issues.apache.org/jira/secure/useravatar?size=small&ownerId=stevel%40apache.org&avatarId=16513", "16x16": "https://issues.apache.org/jira/secure/useravatar?size=xsmall&ownerId=stevel%40apache.org&avatarId=16513", "32x32": "https://issues.apache.org/jira/secure/useravatar?size=medium&ownerId=stevel%40apache.org&avatarId=16513"}, "displayName": "Steve Loughran", "active": true, "timeZone": "Europe/London"}, "created": "2025-10-24T13:48:33.158+0000", "updated": "2025-10-24T13:48:33.158+0000"}], "maxResults": 4, "total": 4, "startAt": 0}, "priority": {"self": "https://issues.apache.org/jira/rest/api/2/priority/4", "iconUrl": "https://issues.apache.org/jira/images/icons/priorities/minor.svg", "name": "Minor", "id": "4"}, "status": {"self": "https://issues.apache.org/jira/rest/api/2/status/5", "description": "A resolution has been taken, and it is awaiting verification by reporter. From here issues are either reopened, or are closed.", "iconUrl": "https://issues.apache.org/jira/images/icons/statuses/resolved.png", "name": "Resolved", "id": "5", "statusCategory": {"self": "https://issues.apache.org/jira/rest/api/2/statuscategory/3", "id": 3, "key": "done", "colorName": "green", "name": "Done"}}}}